[2023-11-07 20:55:24] [ WARN ] [BD:32] Versión del archivo de base de datos no soportada ó encabezado de archivo invalido en archivo "C:/Users/frias/C21023ClinicaOdontologica.mv.db"
Unsupported database file version or invalid file header in file "C:/Users/frias/C21023ClinicaOdontologica.mv.db" [90048-214]
[2023-11-07 20:56:47] [ INFO ] [OdontologoDAOH2:20] Inicio las operaciones de guardado
[2023-11-07 20:56:47] [ ERROR] [OdontologoDAOH2:37] Versión del archivo de base de datos no soportada ó encabezado de archivo invalido en archivo "C:/Users/frias/C21023ClinicaOdontologica.mv.db"
Unsupported database file version or invalid file header in file "C:/Users/frias/C21023ClinicaOdontologica.mv.db" [90048-214]
[2023-11-07 20:58:38] [ WARN ] [BD:32] Versión del archivo de base de datos no soportada ó encabezado de archivo invalido en archivo "C:/Users/frias/C21023ClinicaOdontologica.mv.db"
Unsupported database file version or invalid file header in file "C:/Users/frias/C21023ClinicaOdontologica.mv.db" [90048-214]
[2023-11-07 21:00:30] [ WARN ] [BD:32] La base de datos puede que ya esté siendo utilizada: "C:/Users/frias/C21023ClinicaOdontologica.mv.db". Soluciones Posibles: cierre todas las otras conexiones; use el modo server
Database may be already in use: "C:/Users/frias/C21023ClinicaOdontologica.mv.db". Possible solutions: close all other connection(s); use the server mode [90020-224]
[2023-11-07 21:01:10] [ INFO ] [BD:29] datos cargados con exito
[2023-11-07 21:02:12] [ INFO ] [BD:29] datos cargados con exito
[2023-11-07 21:03:56] [ INFO ] [BD:29] datos cargados con exito
[2023-11-07 21:06:46] [ INFO ] [BD:29] datos cargados con exito
[2023-11-07 21:08:07] [ INFO ] [BD:29] datos cargados con exito
[2023-11-07 21:08:57] [ INFO ] [BD:29] datos cargados con exito
[2023-11-07 21:10:10] [ INFO ] [BD:29] datos cargados con exito
[2023-11-07 21:32:42] [ INFO ] [BD:29] datos cargados con exito
[2023-11-08 15:46:26] [ INFO ] [BD:29] datos cargados con exito
[2023-11-08 15:55:27] [ INFO ] [BD:30] Datos cargados con exito
[2023-11-08 16:04:15] [ INFO ] [PacienteDAOH2:60] Iniciando las operaciones de busqueda de paciente: 
[2023-11-08 16:04:15] [ INFO ] [DomicilioDAOH2:48] Iniciando las operaciones de buscar un domicilio con ID 1
[2023-11-08 16:04:15] [ ERROR] [PacienteDAOH2:83] Valor Invalido "7" para el parametro "columnIndex"
Invalid value "7" for parameter "columnIndex" [90008-224]
[2023-11-08 16:09:14] [ WARN ] [BD:32] La columna "EMAIL" no permite valores nulos (NULL)
NULL not allowed for column "EMAIL"; SQL statement:
INSERT INTO PACIENTES (NOMBRE, APELLIDO, CEDULA, FECHA_INGRESO, DOMICILIO_ID) VALUES('Jorgito','Pereyra','11111','2023-10-27','1'),('Paola','Viloria','22222','2023-10-15','2'),('Ignacio','Freilij','33333','2023-10-20','3') [23502-224]
[2023-11-08 16:09:24] [ INFO ] [PacienteDAOH2:60] Iniciando las operaciones de busqueda de paciente: 
[2023-11-08 16:12:46] [ INFO ] [BD:30] Datos cargados con exito
[2023-11-08 16:13:02] [ INFO ] [PacienteDAOH2:60] Iniciando las operaciones de busqueda de paciente
[2023-11-08 16:13:02] [ INFO ] [DomicilioDAOH2:48] Iniciando las operaciones de buscar un domicilio con ID 1
[2023-11-08 16:14:25] [ INFO ] [PacienteDAOH2:60] Iniciando las operaciones de busqueda de paciente
[2023-11-08 16:14:30] [ INFO ] [PacienteDAOH2:60] Iniciando las operaciones de busqueda de paciente
[2023-11-08 16:14:30] [ INFO ] [DomicilioDAOH2:48] Iniciando las operaciones de buscar un domicilio con ID 3
[2023-11-08 16:20:19] [ INFO ] [BD:30] Datos cargados con exito
[2023-11-08 16:22:25] [ INFO ] [PacienteDAOH2:60] Iniciando las operaciones de busqueda de paciente
[2023-11-08 16:22:25] [ INFO ] [DomicilioDAOH2:50] Iniciando las operaciones de buscar un domicilio con ID 1
[2023-11-08 16:23:55] [ INFO ] [PacienteDAOH2:60] Iniciando las operaciones de busqueda de paciente
[2023-11-08 16:23:55] [ INFO ] [DomicilioDAOH2:50] Iniciando las operaciones de buscar un domicilio con ID 1
[2023-11-08 16:25:07] [ INFO ] [PacienteDAOH2:22] Guardando paciente
[2023-11-08 16:25:07] [ INFO ] [DomicilioDAOH2:17] Guardando domicilio del paciente
[2023-11-08 16:25:07] [ INFO ] [DomicilioDAOH2:33] Domicilio guardado
[2023-11-08 16:25:07] [ INFO ] [PacienteDAOH2:45] Paciente guardado
[2023-11-08 16:27:02] [ INFO ] [BD:30] Datos cargados con exito
[2023-11-08 16:28:22] [ INFO ] [PacienteDAOH2:22] Guardando paciente
[2023-11-08 16:28:22] [ INFO ] [DomicilioDAOH2:17] Guardando domicilio del paciente
[2023-11-08 16:28:22] [ INFO ] [DomicilioDAOH2:33] Domicilio guardado
[2023-11-08 16:28:22] [ INFO ] [PacienteDAOH2:45] Paciente guardado
[2023-11-08 16:28:48] [ INFO ] [PacienteDAOH2:60] Iniciando las operaciones de busqueda de paciente
[2023-11-08 16:28:48] [ INFO ] [DomicilioDAOH2:50] Iniciando las operaciones de buscar un domicilio con ID 4
[2023-11-08 16:30:00] [ INFO ] [PacienteDAOH2:60] Iniciando las operaciones de busqueda de paciente
[2023-11-08 16:30:00] [ INFO ] [DomicilioDAOH2:50] Iniciando las operaciones de buscar un domicilio con ID 4
[2023-11-08 16:30:00] [ INFO ] [PacienteDAOH2:126] Iniciando las operaciones de actualizacion de un paciente
[2023-11-08 16:31:49] [ INFO ] [PacienteDAOH2:60] Iniciando las operaciones de busqueda de paciente
[2023-11-08 16:31:49] [ ERROR] [PacienteDAOH2:83] La base de datos puede que ya esté siendo utilizada: "C:/Users/frias/C21023ClinicaOdontologica.mv.db". Soluciones Posibles: cierre todas las otras conexiones; use el modo server
Database may be already in use: "C:/Users/frias/C21023ClinicaOdontologica.mv.db". Possible solutions: close all other connection(s); use the server mode [90020-224]
[2023-11-08 16:31:57] [ INFO ] [PacienteDAOH2:60] Iniciando las operaciones de busqueda de paciente
[2023-11-08 16:31:57] [ ERROR] [PacienteDAOH2:83] La base de datos puede que ya esté siendo utilizada: "C:/Users/frias/C21023ClinicaOdontologica.mv.db". Soluciones Posibles: cierre todas las otras conexiones; use el modo server
Database may be already in use: "C:/Users/frias/C21023ClinicaOdontologica.mv.db". Possible solutions: close all other connection(s); use the server mode [90020-224]
[2023-11-08 16:32:23] [ INFO ] [PacienteDAOH2:60] Iniciando las operaciones de busqueda de paciente
[2023-11-08 16:32:23] [ INFO ] [DomicilioDAOH2:50] Iniciando las operaciones de buscar un domicilio con ID 4
[2023-11-08 16:34:34] [ INFO ] [BD:30] Datos cargados con exito
[2023-11-08 16:34:45] [ INFO ] [PacienteDAOH2:60] Iniciando las operaciones de busqueda de paciente
[2023-11-08 16:34:45] [ INFO ] [DomicilioDAOH2:50] Iniciando las operaciones de buscar un domicilio con ID 1
[2023-11-08 16:36:17] [ INFO ] [BD:30] Datos cargados con exito
[2023-11-08 16:36:23] [ INFO ] [PacienteDAOH2:60] Iniciando las operaciones de busqueda de paciente
[2023-11-08 16:36:23] [ INFO ] [DomicilioDAOH2:50] Iniciando las operaciones de buscar un domicilio con ID 1
[2023-11-08 16:39:46] [ INFO ] [BD:30] Datos cargados con exito
[2023-11-08 16:43:18] [ INFO ] [BD:30] Datos cargados con exito
[2023-11-08 16:45:12] [ INFO ] [BD:30] Datos cargados con exito
[2023-11-08 16:45:19] [ INFO ] [PacienteDAOH2:60] Iniciando las operaciones de busqueda de paciente
[2023-11-08 16:45:19] [ INFO ] [DomicilioDAOH2:50] Iniciando las operaciones de buscar un domicilio con ID 1
[2023-11-08 16:45:58] [ INFO ] [PacienteDAOH2:197] Iniciando las operaciones de buscado por email jorgito@jorgito.com
[2023-11-08 16:45:58] [ INFO ] [DomicilioDAOH2:50] Iniciando las operaciones de buscar un domicilio con ID 1
[2023-11-08 16:46:18] [ INFO ] [PacienteDAOH2:197] Iniciando las operaciones de buscado por email jorgito@jorgito.com
[2023-11-08 16:46:18] [ INFO ] [DomicilioDAOH2:50] Iniciando las operaciones de buscar un domicilio con ID 1
[2023-11-08 16:51:56] [ INFO ] [BD:30] Datos cargados con exito
[2023-11-08 16:52:23] [ INFO ] [PacienteDAOH2:159] Iniciando las operaciones de listado de los pacientes 
[2023-11-08 16:52:23] [ INFO ] [DomicilioDAOH2:50] Iniciando las operaciones de buscar un domicilio con ID 1
[2023-11-08 16:52:23] [ INFO ] [DomicilioDAOH2:50] Iniciando las operaciones de buscar un domicilio con ID 2
[2023-11-08 16:52:23] [ INFO ] [DomicilioDAOH2:50] Iniciando las operaciones de buscar un domicilio con ID 3
[2023-11-08 16:52:41] [ INFO ] [PacienteDAOH2:22] Guardando paciente
[2023-11-08 16:52:41] [ INFO ] [DomicilioDAOH2:17] Guardando domicilio del paciente
[2023-11-08 16:52:41] [ INFO ] [DomicilioDAOH2:33] Domicilio guardado
[2023-11-08 16:52:41] [ INFO ] [PacienteDAOH2:45] Paciente guardado
[2023-11-08 16:52:47] [ INFO ] [PacienteDAOH2:159] Iniciando las operaciones de listado de los pacientes 
[2023-11-08 16:52:47] [ INFO ] [DomicilioDAOH2:50] Iniciando las operaciones de buscar un domicilio con ID 1
[2023-11-08 16:52:47] [ INFO ] [DomicilioDAOH2:50] Iniciando las operaciones de buscar un domicilio con ID 2
[2023-11-08 16:52:47] [ INFO ] [DomicilioDAOH2:50] Iniciando las operaciones de buscar un domicilio con ID 3
[2023-11-08 16:52:47] [ INFO ] [DomicilioDAOH2:50] Iniciando las operaciones de buscar un domicilio con ID 4
[2023-11-08 16:52:59] [ INFO ] [PacienteDAOH2:60] Iniciando las operaciones de busqueda de paciente
[2023-11-08 16:52:59] [ INFO ] [DomicilioDAOH2:50] Iniciando las operaciones de buscar un domicilio con ID 4
[2023-11-08 16:52:59] [ INFO ] [PacienteDAOH2:126] Iniciando las operaciones de actualizacion de un paciente
[2023-11-08 16:53:04] [ INFO ] [PacienteDAOH2:159] Iniciando las operaciones de listado de los pacientes 
[2023-11-08 16:53:04] [ INFO ] [DomicilioDAOH2:50] Iniciando las operaciones de buscar un domicilio con ID 1
[2023-11-08 16:53:04] [ INFO ] [DomicilioDAOH2:50] Iniciando las operaciones de buscar un domicilio con ID 2
[2023-11-08 16:53:04] [ INFO ] [DomicilioDAOH2:50] Iniciando las operaciones de buscar un domicilio con ID 3
[2023-11-08 16:53:04] [ INFO ] [DomicilioDAOH2:50] Iniciando las operaciones de buscar un domicilio con ID 4
[2023-11-08 16:59:48] [ INFO ] [BD:30] Datos cargados con exito
[2023-11-08 16:59:58] [ INFO ] [PacienteDAOH2:159] Iniciando las operaciones de listado de los pacientes 
[2023-11-08 16:59:58] [ INFO ] [DomicilioDAOH2:50] Iniciando las operaciones de buscar un domicilio con ID 1
[2023-11-08 16:59:58] [ INFO ] [DomicilioDAOH2:50] Iniciando las operaciones de buscar un domicilio con ID 2
[2023-11-08 16:59:58] [ INFO ] [DomicilioDAOH2:50] Iniciando las operaciones de buscar un domicilio con ID 3
[2023-11-08 17:00:11] [ INFO ] [PacienteDAOH2:22] Guardando paciente
[2023-11-08 17:00:11] [ INFO ] [DomicilioDAOH2:17] Guardando domicilio del paciente
[2023-11-08 17:00:11] [ INFO ] [DomicilioDAOH2:33] Domicilio guardado
[2023-11-08 17:00:11] [ INFO ] [PacienteDAOH2:45] Paciente guardado
[2023-11-08 17:00:16] [ INFO ] [PacienteDAOH2:159] Iniciando las operaciones de listado de los pacientes 
[2023-11-08 17:00:16] [ INFO ] [DomicilioDAOH2:50] Iniciando las operaciones de buscar un domicilio con ID 1
[2023-11-08 17:00:16] [ INFO ] [DomicilioDAOH2:50] Iniciando las operaciones de buscar un domicilio con ID 2
[2023-11-08 17:00:16] [ INFO ] [DomicilioDAOH2:50] Iniciando las operaciones de buscar un domicilio con ID 3
[2023-11-08 17:00:16] [ INFO ] [DomicilioDAOH2:50] Iniciando las operaciones de buscar un domicilio con ID 4
[2023-11-08 17:00:26] [ INFO ] [PacienteDAOH2:60] Iniciando las operaciones de busqueda de paciente
[2023-11-08 17:00:26] [ INFO ] [DomicilioDAOH2:50] Iniciando las operaciones de buscar un domicilio con ID 4
[2023-11-08 17:00:26] [ INFO ] [PacienteDAOH2:97] Inicio las operaciones de eliminacion
[2023-11-08 17:00:26] [ INFO ] [PacienteDAOH2:60] Iniciando las operaciones de busqueda de paciente
[2023-11-08 17:00:26] [ INFO ] [DomicilioDAOH2:50] Iniciando las operaciones de buscar un domicilio con ID 4
[2023-11-08 17:00:26] [ INFO ] [DomicilioDAOH2:81] Inicio las operaciones de eliminacion de domicilio
[2023-11-08 17:00:26] [ INFO ] [DomicilioDAOH2:90] Se eliminaron correctamente los datos del domicilio
[2023-11-08 17:00:26] [ INFO ] [PacienteDAOH2:112] Se eliminaron correctamente los datos
[2023-11-08 17:00:34] [ INFO ] [PacienteDAOH2:159] Iniciando las operaciones de listado de los pacientes 
[2023-11-08 17:00:34] [ INFO ] [DomicilioDAOH2:50] Iniciando las operaciones de buscar un domicilio con ID 1
[2023-11-08 17:00:34] [ INFO ] [DomicilioDAOH2:50] Iniciando las operaciones de buscar un domicilio con ID 2
[2023-11-08 17:00:34] [ INFO ] [DomicilioDAOH2:50] Iniciando las operaciones de buscar un domicilio con ID 3
[2023-11-08 17:00:50] [ INFO ] [PacienteDAOH2:60] Iniciando las operaciones de busqueda de paciente
[2023-11-08 17:00:56] [ INFO ] [PacienteDAOH2:60] Iniciando las operaciones de busqueda de paciente
[2023-11-08 17:21:28] [ INFO ] [BD:30] Datos cargados con exito
[2023-11-08 17:21:44] [ INFO ] [PacienteDAOH2:160] Iniciando las operaciones de listado de los pacientes 
[2023-11-08 17:21:44] [ INFO ] [DomicilioDAOH2:51] Iniciando las operaciones de buscar un domicilio con ID 1
[2023-11-08 17:21:44] [ INFO ] [DomicilioDAOH2:51] Iniciando las operaciones de buscar un domicilio con ID 2
[2023-11-08 17:21:44] [ INFO ] [DomicilioDAOH2:51] Iniciando las operaciones de buscar un domicilio con ID 3
[2023-11-08 17:21:51] [ INFO ] [PacienteDAOH2:22] Guardando paciente
[2023-11-08 17:21:51] [ INFO ] [DomicilioDAOH2:18] Guardando domicilio del paciente
[2023-11-08 17:21:51] [ INFO ] [DomicilioDAOH2:34] Domicilio guardado
[2023-11-08 17:21:51] [ INFO ] [PacienteDAOH2:45] Paciente guardado
[2023-11-08 17:22:13] [ INFO ] [PacienteDAOH2:160] Iniciando las operaciones de listado de los pacientes 
[2023-11-08 17:22:13] [ INFO ] [DomicilioDAOH2:51] Iniciando las operaciones de buscar un domicilio con ID 1
[2023-11-08 17:22:13] [ INFO ] [DomicilioDAOH2:51] Iniciando las operaciones de buscar un domicilio con ID 2
[2023-11-08 17:22:13] [ INFO ] [DomicilioDAOH2:51] Iniciando las operaciones de buscar un domicilio con ID 3
[2023-11-08 17:22:13] [ INFO ] [DomicilioDAOH2:51] Iniciando las operaciones de buscar un domicilio con ID 4
[2023-11-08 17:22:25] [ INFO ] [PacienteDAOH2:60] Iniciando las operaciones de busqueda de paciente
[2023-11-08 17:22:25] [ INFO ] [DomicilioDAOH2:51] Iniciando las operaciones de buscar un domicilio con ID 4
[2023-11-08 17:22:26] [ INFO ] [PacienteDAOH2:126] Iniciando las operaciones de actualizacion de un paciente
[2023-11-08 17:22:26] [ INFO ] [DomicilioDAOH2:105] Iniciando las operaciones de actualizacion de un domicilio
[2023-11-08 17:22:26] [ INFO ] [DomicilioDAOH2:118] Domicilio actualizado correctamente
[2023-11-08 17:22:26] [ INFO ] [PacienteDAOH2:144] Paciente actualizado correctamente
[2023-11-08 17:22:31] [ INFO ] [PacienteDAOH2:160] Iniciando las operaciones de listado de los pacientes 
[2023-11-08 17:22:31] [ INFO ] [DomicilioDAOH2:51] Iniciando las operaciones de buscar un domicilio con ID 1
[2023-11-08 17:22:31] [ INFO ] [DomicilioDAOH2:51] Iniciando las operaciones de buscar un domicilio con ID 2
[2023-11-08 17:22:31] [ INFO ] [DomicilioDAOH2:51] Iniciando las operaciones de buscar un domicilio con ID 3
[2023-11-08 17:22:31] [ INFO ] [DomicilioDAOH2:51] Iniciando las operaciones de buscar un domicilio con ID 4
[2023-11-08 17:24:17] [ INFO ] [BD:30] Datos cargados con exito
[2023-11-08 23:53:16] [ WARN ] [BD:32] Versión del archivo de base de datos no soportada ó encabezado de archivo invalido en archivo "C:/Users/ariel/C21023ClinicaOdontologica.mv.db"
Unsupported database file version or invalid file header in file "C:/Users/ariel/C21023ClinicaOdontologica.mv.db" [90048-224]
[2023-11-08 23:55:18] [ WARN ] [BD:32] Versión del archivo de base de datos no soportada ó encabezado de archivo invalido en archivo "C:/Users/ariel/C21023ClinicaOdontologica.mv.db"
Unsupported database file version or invalid file header in file "C:/Users/ariel/C21023ClinicaOdontologica.mv.db" [90048-224]
[2023-11-09 00:04:11] [ INFO ] [OdontologoDAOH2:22] Inicio las operaciones de guardado de odontologo
[2023-11-09 00:04:11] [ ERROR] [OdontologoDAOH2:39] Versión del archivo de base de datos no soportada ó encabezado de archivo invalido en archivo "C:/Users/ariel/C21023ClinicaOdontologica.mv.db"
Unsupported database file version or invalid file header in file "C:/Users/ariel/C21023ClinicaOdontologica.mv.db" [90048-224]
[2023-11-09 00:04:43] [ WARN ] [BD:32] Versión del archivo de base de datos no soportada ó encabezado de archivo invalido en archivo "C:/Users/ariel/C21023ClinicaOdontologica.mv.db"
Unsupported database file version or invalid file header in file "C:/Users/ariel/C21023ClinicaOdontologica.mv.db" [90048-224]
[2023-11-09 00:09:07] [ INFO ] [OdontologoDAOH2:22] Inicio las operaciones de guardado de odontologo
[2023-11-09 00:09:07] [ ERROR] [OdontologoDAOH2:39] Versión del archivo de base de datos no soportada ó encabezado de archivo invalido en archivo "C:/Users/ariel/C21023ClinicaOdontologica.mv.db"
Unsupported database file version or invalid file header in file "C:/Users/ariel/C21023ClinicaOdontologica.mv.db" [90048-224]
[2023-11-09 00:28:20] [ WARN ] [BD:32] Versión del archivo de base de datos no soportada ó encabezado de archivo invalido en archivo "C:/Users/ariel/C21023ClinicaOdontologica.mv.db"
Unsupported database file version or invalid file header in file "C:/Users/ariel/C21023ClinicaOdontologica.mv.db" [90048-224]
[2023-11-09 00:31:29] [ WARN ] [BD:32] Versión del archivo de base de datos no soportada ó encabezado de archivo invalido en archivo "C:/Users/ariel/C21023ClinicaOdontologica.mv.db"
Unsupported database file version or invalid file header in file "C:/Users/ariel/C21023ClinicaOdontologica.mv.db" [90048-224]
[2023-11-09 00:36:00] [ WARN ] [BD:32] Versión del archivo de base de datos no soportada ó encabezado de archivo invalido en archivo "C:/Users/ariel/C21023ClinicaOdontologica.mv.db"
Unsupported database file version or invalid file header in file "C:/Users/ariel/C21023ClinicaOdontologica.mv.db" [90048-224]
[2023-11-09 00:42:02] [ WARN ] [BD:32] Versión del archivo de base de datos no soportada ó encabezado de archivo invalido en archivo "C:/Users/ariel/C21023ClinicaOdontologica.mv.db"
Unsupported database file version or invalid file header in file "C:/Users/ariel/C21023ClinicaOdontologica.mv.db" [90048-224]
[2023-11-09 08:14:30] [ INFO ] [BD:30] Datos cargados con exito
[2023-11-09 08:33:34] [ INFO ] [PacienteDAOH2:60] Iniciando las operaciones de busqueda de paciente
[2023-11-09 08:33:34] [ ERROR] [PacienteDAOH2:83] La base de datos puede que ya esté siendo utilizada: "C:/Users/ariel/C21023ClinicaOdontologica.mv.db". Soluciones Posibles: cierre todas las otras conexiones; use el modo server
Database may be already in use: "C:/Users/ariel/C21023ClinicaOdontologica.mv.db". Possible solutions: close all other connection(s); use the server mode [90020-214]
[2023-11-09 08:39:44] [ INFO ] [PacienteDAOH2:160] Iniciando las operaciones de listado de los pacientes 
[2023-11-09 08:39:44] [ ERROR] [PacienteDAOH2:185] La base de datos puede que ya esté siendo utilizada: "C:/Users/ariel/C21023ClinicaOdontologica.mv.db". Soluciones Posibles: cierre todas las otras conexiones; use el modo server
Database may be already in use: "C:/Users/ariel/C21023ClinicaOdontologica.mv.db". Possible solutions: close all other connection(s); use the server mode [90020-214]
[2023-11-10 20:16:00] [ WARN ] [BD:32] Versión del archivo de base de datos no soportada ó encabezado de archivo invalido en archivo "C:/Users/frias/C21023ClinicaOdontologica.mv.db"
Unsupported database file version or invalid file header in file "C:/Users/frias/C21023ClinicaOdontologica.mv.db" [90048-214]
[2023-11-10 20:16:20] [ WARN ] [BD:32] Versión del archivo de base de datos no soportada ó encabezado de archivo invalido en archivo "C:/Users/frias/C21023ClinicaOdontologica.mv.db"
Unsupported database file version or invalid file header in file "C:/Users/frias/C21023ClinicaOdontologica.mv.db" [90048-214]
[2023-11-10 20:20:08] [ WARN ] [BD:32] Versión del archivo de base de datos no soportada ó encabezado de archivo invalido en archivo "C:/Users/frias/C21023ClinicaOdontologica.mv.db"
Unsupported database file version or invalid file header in file "C:/Users/frias/C21023ClinicaOdontologica.mv.db" [90048-214]
[2023-11-10 20:23:40] [ WARN ] [BD:32] Versión del archivo de base de datos no soportada ó encabezado de archivo invalido en archivo "C:/Users/frias/C21023ClinicaOdontologica.mv.db"
Unsupported database file version or invalid file header in file "C:/Users/frias/C21023ClinicaOdontologica.mv.db" [90048-214]
[2023-11-10 20:24:26] [ WARN ] [BD:32] Versión del archivo de base de datos no soportada ó encabezado de archivo invalido en archivo "C:/Users/frias/C21023ClinicaOdontologica.mv.db"
Unsupported database file version or invalid file header in file "C:/Users/frias/C21023ClinicaOdontologica.mv.db" [90048-214]
[2023-11-10 20:28:26] [ INFO ] [BD:30] Datos cargados con exito
[2023-11-10 20:34:45] [ INFO ] [BD:30] Datos cargados con exito
[2023-11-10 20:36:31] [ INFO ] [BD:30] Datos cargados con exito
[2023-11-10 20:40:34] [ INFO ] [BD:30] Datos cargados con exito
[2023-11-10 21:01:49] [ INFO ] [BD:30] Datos cargados con exito
[2023-11-10 21:02:31] [ INFO ] [OdontologoDAOH2:22] Inicio las operaciones de guardado de odontologo
[2023-11-10 21:02:31] [ INFO ] [OdontologoDAOH2:37] Se guardaron correctamente los datos
[2023-11-12 16:41:46] [ WARN ] [BD:33] Error de Sintaxis en sentencia SQL "INSERT INTO DOMICILIOS(CALLE, NUMERO, LOCALIDAD, PROVINCIA) VALUES('Siempre viva','742','Sprinfield','Usa'),('Av.Colon','1600','Cordoba','Cordoba'),('Av. 9 de Julio','1200','Caba','Bs As')[*]INSERT INTO ODONTOLOGOS(MATRICULA, NOMBRE, APELLIDO) VALUES('MP10','Fabricio','Lopez'),('MPA20','Santiago','Rodriguez'),('MN30','Elizabeth','Castro')"
Syntax error in SQL statement "INSERT INTO DOMICILIOS(CALLE, NUMERO, LOCALIDAD, PROVINCIA) VALUES('Siempre viva','742','Sprinfield','Usa'),('Av.Colon','1600','Cordoba','Cordoba'),('Av. 9 de Julio','1200','Caba','Bs As')[*]INSERT INTO ODONTOLOGOS(MATRICULA, NOMBRE, APELLIDO) VALUES('MP10','Fabricio','Lopez'),('MPA20','Santiago','Rodriguez'),('MN30','Elizabeth','Castro')"; SQL statement:
INSERT INTO DOMICILIOS(CALLE, NUMERO, LOCALIDAD, PROVINCIA) VALUES('Siempre viva','742','Sprinfield','Usa'),('Av.Colon','1600','Cordoba','Cordoba'),('Av. 9 de Julio','1200','Caba','Bs As')INSERT INTO ODONTOLOGOS(MATRICULA, NOMBRE, APELLIDO) VALUES('MP10','Fabricio','Lopez'),('MPA20','Santiago','Rodriguez'),('MN30','Elizabeth','Castro') [42000-214]
[2023-11-12 16:42:17] [ INFO ] [OdontologoDAOH2:141] Inicio las operaciones de traer todos los registros
[2023-11-12 16:42:17] [ INFO ] [OdontologoDAOH2:161] Se trajeron todos los registros
[2023-11-12 16:42:28] [ INFO ] [OdontologoDAOH2:141] Inicio las operaciones de traer todos los registros
[2023-11-12 16:42:28] [ INFO ] [OdontologoDAOH2:161] Se trajeron todos los registros
[2023-11-12 16:42:29] [ INFO ] [OdontologoDAOH2:141] Inicio las operaciones de traer todos los registros
[2023-11-12 16:42:29] [ INFO ] [OdontologoDAOH2:161] Se trajeron todos los registros
[2023-11-12 16:42:30] [ INFO ] [OdontologoDAOH2:141] Inicio las operaciones de traer todos los registros
[2023-11-12 16:42:30] [ INFO ] [OdontologoDAOH2:161] Se trajeron todos los registros
[2023-11-12 16:42:31] [ INFO ] [OdontologoDAOH2:141] Inicio las operaciones de traer todos los registros
[2023-11-12 16:42:31] [ INFO ] [OdontologoDAOH2:161] Se trajeron todos los registros
[2023-11-12 16:44:34] [ WARN ] [BD:33] Error de Sintaxis en sentencia SQL "INSERT INTO DOMICILIOS(CALLE, NUMERO, LOCALIDAD, PROVINCIA) VALUES('Siempre viva','742','Sprinfield','Usa'),('Av.Colon','1600','Cordoba','Cordoba'),('Av. 9 de Julio','1200','Caba','Bs As')[*]INSERT INTO ODONTOLOGOS(MATRICULA, NOMBRE, APELLIDO) VALUES('MP10','Fabricio','Lopez'),('MPA20','Santiago','Rodriguez'),('MN30','Elizabeth','Castro')"
Syntax error in SQL statement "INSERT INTO DOMICILIOS(CALLE, NUMERO, LOCALIDAD, PROVINCIA) VALUES('Siempre viva','742','Sprinfield','Usa'),('Av.Colon','1600','Cordoba','Cordoba'),('Av. 9 de Julio','1200','Caba','Bs As')[*]INSERT INTO ODONTOLOGOS(MATRICULA, NOMBRE, APELLIDO) VALUES('MP10','Fabricio','Lopez'),('MPA20','Santiago','Rodriguez'),('MN30','Elizabeth','Castro')"; SQL statement:
INSERT INTO DOMICILIOS(CALLE, NUMERO, LOCALIDAD, PROVINCIA) VALUES('Siempre viva','742','Sprinfield','Usa'),('Av.Colon','1600','Cordoba','Cordoba'),('Av. 9 de Julio','1200','Caba','Bs As')INSERT INTO ODONTOLOGOS(MATRICULA, NOMBRE, APELLIDO) VALUES('MP10','Fabricio','Lopez'),('MPA20','Santiago','Rodriguez'),('MN30','Elizabeth','Castro') [42000-214]
[2023-11-12 16:45:52] [ WARN ] [BD:33] Conversión de datos fallida, convirtiendo "'MP10' (ODONTOLOGOS: ""MATRICULA"" INTEGER NOT NULL)"
Data conversion error converting "'MP10' (ODONTOLOGOS: ""MATRICULA"" INTEGER NOT NULL)"; SQL statement:
INSERT INTO PACIENTES (NOMBRE, APELLIDO, CEDULA, FECHA_INGRESO, DOMICILIO_ID, EMAIL) VALUES('Jorgito','Pereyra','11111','2023-10-27','1','jorgito@jorgito.com'),('Paola','Viloria','22222','2023-10-15','2','paola@paola.com'),('Ignacio','Freilij','33333','2023-10-20','3','ignacio@gmail.com') [22018-214]
[2023-11-12 16:47:18] [ WARN ] [BD:33] Conversión de datos fallida, convirtiendo "'MP10' (ODONTOLOGOS: ""MATRICULA"" INTEGER NOT NULL)"
Data conversion error converting "'MP10' (ODONTOLOGOS: ""MATRICULA"" INTEGER NOT NULL)"; SQL statement:
INSERT INTO PACIENTES (NOMBRE, APELLIDO, CEDULA, FECHA_INGRESO, DOMICILIO_ID, EMAIL) VALUES('Jorgito','Pereyra','11111','2023-10-27','1','jorgito@jorgito.com'),('Paola','Viloria','22222','2023-10-15','2','paola@paola.com'),('Ignacio','Freilij','33333','2023-10-20','3','ignacio@gmail.com') [22018-214]
[2023-11-12 16:48:22] [ WARN ] [BD:33] Conversión de datos fallida, convirtiendo "'MP10' (ODONTOLOGOS: ""MATRICULA"" INTEGER NOT NULL)"
Data conversion error converting "'MP10' (ODONTOLOGOS: ""MATRICULA"" INTEGER NOT NULL)"; SQL statement:
INSERT INTO PACIENTES (NOMBRE, APELLIDO, CEDULA, FECHA_INGRESO, DOMICILIO_ID, EMAIL) VALUES('Jorgito','Pereyra','11111','2023-10-27','1','jorgito@jorgito.com'),('Paola','Viloria','22222','2023-10-15','2','paola@paola.com'),('Ignacio','Freilij','33333','2023-10-20','3','ignacio@gmail.com') [22018-214]
[2023-11-12 16:51:10] [ WARN ] [BD:33] Conversión de datos fallida, convirtiendo "'MP10' (ODONTOLOGOS: ""MATRICULA"" INTEGER NOT NULL)"
Data conversion error converting "'MP10' (ODONTOLOGOS: ""MATRICULA"" INTEGER NOT NULL)"; SQL statement:
INSERT INTO PACIENTES (NOMBRE, APELLIDO, CEDULA, FECHA_INGRESO, DOMICILIO_ID, EMAIL) VALUES('Jorgito','Pereyra','11111','2023-10-27','1','jorgito@jorgito.com'),('Paola','Viloria','22222','2023-10-15','2','paola@paola.com'),('Ignacio','Freilij','33333','2023-10-20','3','ignacio@gmail.com') [22018-214]
[2023-11-12 16:51:52] [ INFO ] [BD:31] Datos cargados con exito
[2023-11-12 16:52:12] [ INFO ] [OdontologoDAOH2:141] Inicio las operaciones de traer todos los registros
[2023-11-12 16:52:12] [ INFO ] [OdontologoDAOH2:161] Se trajeron todos los registros
[2023-11-12 16:52:12] [ INFO ] [OdontologoDAOH2:161] Se trajeron todos los registros
[2023-11-12 16:52:12] [ INFO ] [OdontologoDAOH2:161] Se trajeron todos los registros
[2023-11-12 16:52:18] [ INFO ] [OdontologoDAOH2:54] Inicio las operaciones de busqueda de odontologo
[2023-11-12 16:52:18] [ INFO ] [OdontologoDAOH2:74] Se encontraron los datos
[2023-11-12 16:52:31] [ INFO ] [OdontologoDAOH2:141] Inicio las operaciones de traer todos los registros
[2023-11-12 16:52:31] [ INFO ] [OdontologoDAOH2:161] Se trajeron todos los registros
[2023-11-12 16:52:31] [ INFO ] [OdontologoDAOH2:161] Se trajeron todos los registros
[2023-11-12 16:52:31] [ INFO ] [OdontologoDAOH2:161] Se trajeron todos los registros
[2023-11-12 16:52:31] [ INFO ] [OdontologoDAOH2:54] Inicio las operaciones de busqueda de odontologo
[2023-11-12 16:52:31] [ INFO ] [OdontologoDAOH2:74] Se encontraron los datos
[2023-11-12 16:52:31] [ INFO ] [OdontologoDAOH2:113] Iniciando las operaciones de actualizacion un odontologo
[2023-11-12 16:52:31] [ INFO ] [OdontologoDAOH2:125] Datos actualizados correctamente
[2023-11-12 16:55:15] [ INFO ] [OdontologoDAOH2:141] Inicio las operaciones de traer todos los registros
[2023-11-12 16:55:15] [ ERROR] [OdontologoDAOH2:164] La base de datos puede que ya esté siendo utilizada: "C:/Users/frias/C21023ClinicaOdontologica.mv.db". Soluciones Posibles: cierre todas las otras conexiones; use el modo server
Database may be already in use: "C:/Users/frias/C21023ClinicaOdontologica.mv.db". Possible solutions: close all other connection(s); use the server mode [90020-214]
[2023-11-12 16:55:32] [ INFO ] [OdontologoDAOH2:141] Inicio las operaciones de traer todos los registros
[2023-11-12 16:55:32] [ INFO ] [OdontologoDAOH2:161] Se trajeron todos los registros
[2023-11-12 16:55:32] [ INFO ] [OdontologoDAOH2:161] Se trajeron todos los registros
[2023-11-12 16:55:32] [ INFO ] [OdontologoDAOH2:161] Se trajeron todos los registros
[2023-11-12 17:09:14] [ INFO ] [BD:31] Datos cargados con exito
[2023-11-12 17:09:35] [ INFO ] [OdontologoDAOH2:141] Inicio las operaciones de traer todos los registros
[2023-11-12 17:09:35] [ INFO ] [OdontologoDAOH2:161] Se trajeron todos los registros
[2023-11-12 17:09:35] [ INFO ] [OdontologoDAOH2:161] Se trajeron todos los registros
[2023-11-12 17:09:35] [ INFO ] [OdontologoDAOH2:161] Se trajeron todos los registros
[2023-11-12 17:11:57] [ INFO ] [BD:31] Datos cargados con exito
[2023-11-12 17:12:11] [ INFO ] [OdontologoDAOH2:141] Inicio las operaciones de traer todos los registros
[2023-11-12 17:12:11] [ INFO ] [OdontologoDAOH2:161] Se trajeron todos los registros
[2023-11-12 17:12:11] [ INFO ] [OdontologoDAOH2:161] Se trajeron todos los registros
[2023-11-12 17:12:11] [ INFO ] [OdontologoDAOH2:161] Se trajeron todos los registros
[2023-11-12 17:12:23] [ INFO ] [OdontologoDAOH2:54] Inicio las operaciones de busqueda de odontologo
[2023-11-12 17:12:23] [ INFO ] [OdontologoDAOH2:74] Se encontraron los datos
[2023-11-12 17:12:30] [ INFO ] [OdontologoDAOH2:141] Inicio las operaciones de traer todos los registros
[2023-11-12 17:12:30] [ INFO ] [OdontologoDAOH2:54] Inicio las operaciones de busqueda de odontologo
[2023-11-12 17:12:30] [ INFO ] [OdontologoDAOH2:161] Se trajeron todos los registros
[2023-11-12 17:12:30] [ INFO ] [OdontologoDAOH2:74] Se encontraron los datos
[2023-11-12 17:12:30] [ INFO ] [OdontologoDAOH2:161] Se trajeron todos los registros
[2023-11-12 17:12:30] [ INFO ] [OdontologoDAOH2:161] Se trajeron todos los registros
[2023-11-12 17:12:30] [ INFO ] [OdontologoDAOH2:113] Iniciando las operaciones de actualizacion un odontologo
[2023-11-12 17:12:30] [ INFO ] [OdontologoDAOH2:125] Datos actualizados correctamente
[2023-11-12 17:14:43] [ INFO ] [BD:31] Datos cargados con exito
[2023-11-12 17:14:56] [ INFO ] [OdontologoDAOH2:141] Inicio las operaciones de traer todos los registros
[2023-11-12 17:14:56] [ INFO ] [OdontologoDAOH2:161] Se trajeron todos los registros
[2023-11-12 17:14:56] [ INFO ] [OdontologoDAOH2:161] Se trajeron todos los registros
[2023-11-12 17:14:56] [ INFO ] [OdontologoDAOH2:161] Se trajeron todos los registros
[2023-11-12 17:16:17] [ INFO ] [OdontologoDAOH2:54] Inicio las operaciones de busqueda de odontologo
[2023-11-12 17:16:17] [ INFO ] [OdontologoDAOH2:74] Se encontraron los datos
[2023-11-12 17:29:23] [ INFO ] [BD:31] Datos cargados con exito
[2023-11-12 17:29:37] [ INFO ] [OdontologoDAOH2:141] Inicio las operaciones de traer todos los registros
[2023-11-12 17:29:38] [ INFO ] [OdontologoDAOH2:161] Se trajeron todos los registros
[2023-11-12 17:29:38] [ INFO ] [OdontologoDAOH2:161] Se trajeron todos los registros
[2023-11-12 17:29:38] [ INFO ] [OdontologoDAOH2:161] Se trajeron todos los registros
[2023-11-12 17:29:42] [ INFO ] [OdontologoDAOH2:54] Inicio las operaciones de busqueda de odontologo
[2023-11-12 17:29:42] [ INFO ] [OdontologoDAOH2:74] Se encontraron los datos
[2023-11-12 17:29:48] [ INFO ] [OdontologoDAOH2:141] Inicio las operaciones de traer todos los registros
[2023-11-12 17:29:48] [ INFO ] [OdontologoDAOH2:54] Inicio las operaciones de busqueda de odontologo
[2023-11-12 17:29:48] [ INFO ] [OdontologoDAOH2:161] Se trajeron todos los registros
[2023-11-12 17:29:48] [ INFO ] [OdontologoDAOH2:74] Se encontraron los datos
[2023-11-12 17:29:48] [ INFO ] [OdontologoDAOH2:161] Se trajeron todos los registros
[2023-11-12 17:29:48] [ INFO ] [OdontologoDAOH2:113] Iniciando las operaciones de actualizacion un odontologo
[2023-11-12 17:29:48] [ INFO ] [OdontologoDAOH2:161] Se trajeron todos los registros
[2023-11-12 17:29:48] [ INFO ] [OdontologoDAOH2:125] Datos actualizados correctamente
[2023-11-12 17:30:10] [ INFO ] [OdontologoDAOH2:141] Inicio las operaciones de traer todos los registros
[2023-11-12 17:30:10] [ ERROR] [OdontologoDAOH2:164] La base de datos puede que ya esté siendo utilizada: "C:/Users/frias/C21023ClinicaOdontologica.mv.db". Soluciones Posibles: cierre todas las otras conexiones; use el modo server
Database may be already in use: "C:/Users/frias/C21023ClinicaOdontologica.mv.db". Possible solutions: close all other connection(s); use the server mode [90020-214]
[2023-11-12 17:30:13] [ INFO ] [OdontologoDAOH2:141] Inicio las operaciones de traer todos los registros
[2023-11-12 17:30:13] [ ERROR] [OdontologoDAOH2:164] La base de datos puede que ya esté siendo utilizada: "C:/Users/frias/C21023ClinicaOdontologica.mv.db". Soluciones Posibles: cierre todas las otras conexiones; use el modo server
Database may be already in use: "C:/Users/frias/C21023ClinicaOdontologica.mv.db". Possible solutions: close all other connection(s); use the server mode [90020-214]
[2023-11-12 17:30:17] [ INFO ] [OdontologoDAOH2:141] Inicio las operaciones de traer todos los registros
[2023-11-12 17:30:17] [ INFO ] [OdontologoDAOH2:161] Se trajeron todos los registros
[2023-11-12 17:30:17] [ INFO ] [OdontologoDAOH2:161] Se trajeron todos los registros
[2023-11-12 17:30:17] [ INFO ] [OdontologoDAOH2:161] Se trajeron todos los registros
[2023-11-12 17:30:18] [ INFO ] [OdontologoDAOH2:141] Inicio las operaciones de traer todos los registros
[2023-11-12 17:30:18] [ INFO ] [OdontologoDAOH2:161] Se trajeron todos los registros
[2023-11-12 17:30:18] [ INFO ] [OdontologoDAOH2:161] Se trajeron todos los registros
[2023-11-12 17:30:18] [ INFO ] [OdontologoDAOH2:161] Se trajeron todos los registros
[2023-11-12 17:30:19] [ INFO ] [OdontologoDAOH2:141] Inicio las operaciones de traer todos los registros
[2023-11-12 17:30:19] [ INFO ] [OdontologoDAOH2:161] Se trajeron todos los registros
[2023-11-12 17:30:19] [ INFO ] [OdontologoDAOH2:161] Se trajeron todos los registros
[2023-11-12 17:30:19] [ INFO ] [OdontologoDAOH2:161] Se trajeron todos los registros
[2023-11-12 17:31:32] [ INFO ] [BD:31] Datos cargados con exito
[2023-11-12 17:31:43] [ INFO ] [OdontologoDAOH2:141] Inicio las operaciones de traer todos los registros
[2023-11-12 17:31:43] [ INFO ] [OdontologoDAOH2:161] Se trajeron todos los registros
[2023-11-12 17:31:43] [ INFO ] [OdontologoDAOH2:161] Se trajeron todos los registros
[2023-11-12 17:31:43] [ INFO ] [OdontologoDAOH2:161] Se trajeron todos los registros
[2023-11-12 17:31:45] [ INFO ] [OdontologoDAOH2:54] Inicio las operaciones de busqueda de odontologo
[2023-11-12 17:31:45] [ INFO ] [OdontologoDAOH2:74] Se encontraron los datos
[2023-11-12 17:31:49] [ INFO ] [OdontologoDAOH2:141] Inicio las operaciones de traer todos los registros
[2023-11-12 17:31:49] [ INFO ] [OdontologoDAOH2:161] Se trajeron todos los registros
[2023-11-12 17:31:49] [ INFO ] [OdontologoDAOH2:161] Se trajeron todos los registros
[2023-11-12 17:31:49] [ INFO ] [OdontologoDAOH2:161] Se trajeron todos los registros
[2023-11-12 17:31:49] [ INFO ] [OdontologoDAOH2:54] Inicio las operaciones de busqueda de odontologo
[2023-11-12 17:31:49] [ INFO ] [OdontologoDAOH2:74] Se encontraron los datos
[2023-11-12 17:31:49] [ INFO ] [OdontologoDAOH2:113] Iniciando las operaciones de actualizacion un odontologo
[2023-11-12 17:31:49] [ INFO ] [OdontologoDAOH2:125] Datos actualizados correctamente
[2023-11-12 17:32:11] [ INFO ] [OdontologoDAOH2:54] Inicio las operaciones de busqueda de odontologo
[2023-11-12 17:32:11] [ INFO ] [OdontologoDAOH2:74] Se encontraron los datos
[2023-11-12 17:32:47] [ INFO ] [BD:31] Datos cargados con exito
[2023-11-12 17:32:56] [ INFO ] [OdontologoDAOH2:141] Inicio las operaciones de traer todos los registros
[2023-11-12 17:32:56] [ INFO ] [OdontologoDAOH2:161] Se trajeron todos los registros
[2023-11-12 17:32:56] [ INFO ] [OdontologoDAOH2:161] Se trajeron todos los registros
[2023-11-12 17:32:56] [ INFO ] [OdontologoDAOH2:161] Se trajeron todos los registros
[2023-11-12 17:32:57] [ INFO ] [OdontologoDAOH2:141] Inicio las operaciones de traer todos los registros
[2023-11-12 17:32:57] [ INFO ] [OdontologoDAOH2:161] Se trajeron todos los registros
[2023-11-12 17:32:57] [ INFO ] [OdontologoDAOH2:161] Se trajeron todos los registros
[2023-11-12 17:32:57] [ INFO ] [OdontologoDAOH2:161] Se trajeron todos los registros
[2023-11-12 17:32:59] [ INFO ] [OdontologoDAOH2:54] Inicio las operaciones de busqueda de odontologo
[2023-11-12 17:33:00] [ INFO ] [OdontologoDAOH2:74] Se encontraron los datos
[2023-11-12 17:33:04] [ INFO ] [OdontologoDAOH2:54] Inicio las operaciones de busqueda de odontologo
[2023-11-12 17:33:04] [ INFO ] [OdontologoDAOH2:74] Se encontraron los datos
[2023-11-12 17:33:04] [ INFO ] [OdontologoDAOH2:113] Iniciando las operaciones de actualizacion un odontologo
[2023-11-12 17:33:04] [ INFO ] [OdontologoDAOH2:125] Datos actualizados correctamente
[2023-11-12 17:33:40] [ INFO ] [OdontologoDAOH2:141] Inicio las operaciones de traer todos los registros
[2023-11-12 17:33:40] [ INFO ] [OdontologoDAOH2:161] Se trajeron todos los registros
[2023-11-12 17:33:40] [ INFO ] [OdontologoDAOH2:161] Se trajeron todos los registros
[2023-11-12 17:33:40] [ INFO ] [OdontologoDAOH2:161] Se trajeron todos los registros
[2023-11-12 17:33:47] [ INFO ] [OdontologoDAOH2:141] Inicio las operaciones de traer todos los registros
[2023-11-12 17:33:47] [ INFO ] [OdontologoDAOH2:161] Se trajeron todos los registros
[2023-11-12 17:33:47] [ INFO ] [OdontologoDAOH2:161] Se trajeron todos los registros
[2023-11-12 17:33:47] [ INFO ] [OdontologoDAOH2:161] Se trajeron todos los registros
[2023-11-12 17:33:49] [ INFO ] [OdontologoDAOH2:141] Inicio las operaciones de traer todos los registros
[2023-11-12 17:33:49] [ INFO ] [OdontologoDAOH2:161] Se trajeron todos los registros
[2023-11-12 17:33:49] [ INFO ] [OdontologoDAOH2:161] Se trajeron todos los registros
[2023-11-12 17:33:49] [ INFO ] [OdontologoDAOH2:161] Se trajeron todos los registros
[2023-11-12 17:33:54] [ INFO ] [OdontologoDAOH2:141] Inicio las operaciones de traer todos los registros
[2023-11-12 17:33:54] [ INFO ] [OdontologoDAOH2:161] Se trajeron todos los registros
[2023-11-12 17:33:54] [ INFO ] [OdontologoDAOH2:161] Se trajeron todos los registros
[2023-11-12 17:33:54] [ INFO ] [OdontologoDAOH2:161] Se trajeron todos los registros
[2023-11-12 17:33:56] [ INFO ] [OdontologoDAOH2:54] Inicio las operaciones de busqueda de odontologo
[2023-11-12 17:33:56] [ INFO ] [OdontologoDAOH2:74] Se encontraron los datos
[2023-11-12 17:34:04] [ INFO ] [OdontologoDAOH2:54] Inicio las operaciones de busqueda de odontologo
[2023-11-12 17:34:04] [ INFO ] [OdontologoDAOH2:74] Se encontraron los datos
[2023-11-12 17:34:04] [ INFO ] [OdontologoDAOH2:141] Inicio las operaciones de traer todos los registros
[2023-11-12 17:34:04] [ INFO ] [OdontologoDAOH2:113] Iniciando las operaciones de actualizacion un odontologo
[2023-11-12 17:34:04] [ INFO ] [OdontologoDAOH2:125] Datos actualizados correctamente
[2023-11-12 17:34:04] [ INFO ] [OdontologoDAOH2:161] Se trajeron todos los registros
[2023-11-12 17:34:04] [ INFO ] [OdontologoDAOH2:161] Se trajeron todos los registros
[2023-11-12 17:34:04] [ INFO ] [OdontologoDAOH2:161] Se trajeron todos los registros
[2023-11-12 17:34:38] [ INFO ] [BD:31] Datos cargados con exito
[2023-11-12 17:34:49] [ INFO ] [OdontologoDAOH2:141] Inicio las operaciones de traer todos los registros
[2023-11-12 17:34:49] [ INFO ] [OdontologoDAOH2:161] Se trajeron todos los registros
[2023-11-12 17:34:49] [ INFO ] [OdontologoDAOH2:161] Se trajeron todos los registros
[2023-11-12 17:34:49] [ INFO ] [OdontologoDAOH2:161] Se trajeron todos los registros
[2023-11-12 17:34:53] [ INFO ] [OdontologoDAOH2:54] Inicio las operaciones de busqueda de odontologo
[2023-11-12 17:34:53] [ INFO ] [OdontologoDAOH2:74] Se encontraron los datos
[2023-11-12 17:35:01] [ INFO ] [OdontologoDAOH2:54] Inicio las operaciones de busqueda de odontologo
[2023-11-12 17:35:01] [ INFO ] [OdontologoDAOH2:74] Se encontraron los datos
[2023-11-12 17:35:01] [ INFO ] [OdontologoDAOH2:113] Iniciando las operaciones de actualizacion un odontologo
[2023-11-12 17:35:01] [ INFO ] [OdontologoDAOH2:125] Datos actualizados correctamente
[2023-11-12 17:35:06] [ INFO ] [OdontologoDAOH2:141] Inicio las operaciones de traer todos los registros
[2023-11-12 17:35:06] [ INFO ] [OdontologoDAOH2:161] Se trajeron todos los registros
[2023-11-12 17:35:06] [ INFO ] [OdontologoDAOH2:161] Se trajeron todos los registros
[2023-11-12 17:35:06] [ INFO ] [OdontologoDAOH2:161] Se trajeron todos los registros
[2023-11-12 17:37:50] [ INFO ] [BD:31] Datos cargados con exito
[2023-11-12 17:38:09] [ INFO ] [OdontologoDAOH2:141] Inicio las operaciones de traer todos los registros
[2023-11-12 17:38:09] [ INFO ] [OdontologoDAOH2:161] Se trajeron todos los registros
[2023-11-12 17:38:09] [ INFO ] [OdontologoDAOH2:161] Se trajeron todos los registros
[2023-11-12 17:38:09] [ INFO ] [OdontologoDAOH2:161] Se trajeron todos los registros
[2023-11-12 17:38:12] [ INFO ] [OdontologoDAOH2:54] Inicio las operaciones de busqueda de odontologo
[2023-11-12 17:38:12] [ INFO ] [OdontologoDAOH2:74] Se encontraron los datos
[2023-11-12 17:38:20] [ INFO ] [OdontologoDAOH2:141] Inicio las operaciones de traer todos los registros
[2023-11-12 17:38:20] [ INFO ] [OdontologoDAOH2:161] Se trajeron todos los registros
[2023-11-12 17:38:20] [ INFO ] [OdontologoDAOH2:161] Se trajeron todos los registros
[2023-11-12 17:38:20] [ INFO ] [OdontologoDAOH2:161] Se trajeron todos los registros
[2023-11-12 17:38:20] [ INFO ] [OdontologoDAOH2:54] Inicio las operaciones de busqueda de odontologo
[2023-11-12 17:38:20] [ INFO ] [OdontologoDAOH2:74] Se encontraron los datos
[2023-11-12 17:38:20] [ INFO ] [OdontologoDAOH2:113] Iniciando las operaciones de actualizacion un odontologo
[2023-11-12 17:38:20] [ INFO ] [OdontologoDAOH2:125] Datos actualizados correctamente
[2023-11-12 17:38:58] [ INFO ] [OdontologoDAOH2:54] Inicio las operaciones de busqueda de odontologo
[2023-11-12 17:38:58] [ INFO ] [OdontologoDAOH2:74] Se encontraron los datos
[2023-11-12 17:39:05] [ INFO ] [OdontologoDAOH2:54] Inicio las operaciones de busqueda de odontologo
[2023-11-12 17:39:05] [ INFO ] [OdontologoDAOH2:74] Se encontraron los datos
[2023-11-12 17:39:05] [ INFO ] [OdontologoDAOH2:113] Iniciando las operaciones de actualizacion un odontologo
[2023-11-12 17:39:05] [ INFO ] [OdontologoDAOH2:125] Datos actualizados correctamente
[2023-11-12 17:39:12] [ INFO ] [OdontologoDAOH2:141] Inicio las operaciones de traer todos los registros
[2023-11-12 17:39:12] [ INFO ] [OdontologoDAOH2:161] Se trajeron todos los registros
[2023-11-12 17:39:12] [ INFO ] [OdontologoDAOH2:161] Se trajeron todos los registros
[2023-11-12 17:39:12] [ INFO ] [OdontologoDAOH2:161] Se trajeron todos los registros
[2023-11-12 17:39:31] [ INFO ] [OdontologoDAOH2:54] Inicio las operaciones de busqueda de odontologo
[2023-11-12 17:39:31] [ INFO ] [OdontologoDAOH2:74] Se encontraron los datos
[2023-11-12 17:39:36] [ INFO ] [OdontologoDAOH2:54] Inicio las operaciones de busqueda de odontologo
[2023-11-12 17:39:36] [ INFO ] [OdontologoDAOH2:74] Se encontraron los datos
[2023-11-12 17:39:36] [ INFO ] [OdontologoDAOH2:113] Iniciando las operaciones de actualizacion un odontologo
[2023-11-12 17:39:36] [ INFO ] [OdontologoDAOH2:125] Datos actualizados correctamente
[2023-11-12 17:39:38] [ INFO ] [OdontologoDAOH2:141] Inicio las operaciones de traer todos los registros
[2023-11-12 17:39:38] [ INFO ] [OdontologoDAOH2:161] Se trajeron todos los registros
[2023-11-12 17:39:38] [ INFO ] [OdontologoDAOH2:161] Se trajeron todos los registros
[2023-11-12 17:39:38] [ INFO ] [OdontologoDAOH2:161] Se trajeron todos los registros
[2023-11-12 17:39:42] [ INFO ] [OdontologoDAOH2:54] Inicio las operaciones de busqueda de odontologo
[2023-11-12 17:39:42] [ INFO ] [OdontologoDAOH2:74] Se encontraron los datos
[2023-11-12 17:39:49] [ INFO ] [OdontologoDAOH2:54] Inicio las operaciones de busqueda de odontologo
[2023-11-12 17:39:49] [ INFO ] [OdontologoDAOH2:74] Se encontraron los datos
[2023-11-12 17:39:49] [ INFO ] [OdontologoDAOH2:113] Iniciando las operaciones de actualizacion un odontologo
[2023-11-12 17:39:49] [ INFO ] [OdontologoDAOH2:125] Datos actualizados correctamente
[2023-11-12 17:39:51] [ INFO ] [OdontologoDAOH2:141] Inicio las operaciones de traer todos los registros
[2023-11-12 17:39:51] [ INFO ] [OdontologoDAOH2:161] Se trajeron todos los registros
[2023-11-12 17:39:51] [ INFO ] [OdontologoDAOH2:161] Se trajeron todos los registros
[2023-11-12 17:39:51] [ INFO ] [OdontologoDAOH2:161] Se trajeron todos los registros
[2023-11-12 17:51:03] [ INFO ] [BD:31] Datos cargados con exito
[2023-11-12 17:51:24] [ INFO ] [OdontologoDAOH2:141] Inicio las operaciones de traer todos los registros
[2023-11-12 17:51:24] [ INFO ] [OdontologoDAOH2:161] Se trajeron todos los registros
[2023-11-12 17:51:24] [ INFO ] [OdontologoDAOH2:161] Se trajeron todos los registros
[2023-11-12 17:51:24] [ INFO ] [OdontologoDAOH2:161] Se trajeron todos los registros
[2023-11-12 17:51:32] [ INFO ] [OdontologoDAOH2:54] Inicio las operaciones de busqueda de odontologo
[2023-11-12 17:51:32] [ INFO ] [OdontologoDAOH2:74] Se encontraron los datos
[2023-11-12 17:51:42] [ INFO ] [OdontologoDAOH2:141] Inicio las operaciones de traer todos los registros
[2023-11-12 17:51:43] [ INFO ] [OdontologoDAOH2:161] Se trajeron todos los registros
[2023-11-12 17:51:43] [ INFO ] [OdontologoDAOH2:161] Se trajeron todos los registros
[2023-11-12 17:51:43] [ INFO ] [OdontologoDAOH2:161] Se trajeron todos los registros
[2023-11-12 17:51:43] [ INFO ] [OdontologoDAOH2:54] Inicio las operaciones de busqueda de odontologo
[2023-11-12 17:51:43] [ INFO ] [OdontologoDAOH2:74] Se encontraron los datos
[2023-11-12 17:51:43] [ INFO ] [OdontologoDAOH2:113] Iniciando las operaciones de actualizacion un odontologo
[2023-11-12 17:51:43] [ INFO ] [OdontologoDAOH2:125] Datos actualizados correctamente
[2023-11-12 17:51:48] [ INFO ] [OdontologoDAOH2:141] Inicio las operaciones de traer todos los registros
[2023-11-12 17:51:48] [ INFO ] [OdontologoDAOH2:161] Se trajeron todos los registros
[2023-11-12 17:51:48] [ INFO ] [OdontologoDAOH2:161] Se trajeron todos los registros
[2023-11-12 17:51:48] [ INFO ] [OdontologoDAOH2:161] Se trajeron todos los registros
[2023-11-12 17:51:49] [ INFO ] [OdontologoDAOH2:141] Inicio las operaciones de traer todos los registros
[2023-11-12 17:51:49] [ INFO ] [OdontologoDAOH2:161] Se trajeron todos los registros
[2023-11-12 17:51:49] [ INFO ] [OdontologoDAOH2:161] Se trajeron todos los registros
[2023-11-12 17:51:49] [ INFO ] [OdontologoDAOH2:161] Se trajeron todos los registros
[2023-11-12 17:51:50] [ INFO ] [OdontologoDAOH2:141] Inicio las operaciones de traer todos los registros
[2023-11-12 17:51:50] [ INFO ] [OdontologoDAOH2:161] Se trajeron todos los registros
[2023-11-12 17:51:50] [ INFO ] [OdontologoDAOH2:161] Se trajeron todos los registros
[2023-11-12 17:51:50] [ INFO ] [OdontologoDAOH2:161] Se trajeron todos los registros
[2023-11-12 17:51:51] [ INFO ] [OdontologoDAOH2:141] Inicio las operaciones de traer todos los registros
[2023-11-12 17:51:51] [ INFO ] [OdontologoDAOH2:161] Se trajeron todos los registros
[2023-11-12 17:51:51] [ INFO ] [OdontologoDAOH2:161] Se trajeron todos los registros
[2023-11-12 17:51:51] [ INFO ] [OdontologoDAOH2:161] Se trajeron todos los registros
[2023-11-12 17:51:52] [ INFO ] [OdontologoDAOH2:54] Inicio las operaciones de busqueda de odontologo
[2023-11-12 17:51:52] [ INFO ] [OdontologoDAOH2:74] Se encontraron los datos
[2023-11-12 17:51:58] [ INFO ] [OdontologoDAOH2:54] Inicio las operaciones de busqueda de odontologo
[2023-11-12 17:51:58] [ INFO ] [OdontologoDAOH2:74] Se encontraron los datos
[2023-11-12 17:51:58] [ INFO ] [OdontologoDAOH2:113] Iniciando las operaciones de actualizacion un odontologo
[2023-11-12 17:51:58] [ INFO ] [OdontologoDAOH2:125] Datos actualizados correctamente
[2023-11-12 17:52:01] [ INFO ] [OdontologoDAOH2:141] Inicio las operaciones de traer todos los registros
[2023-11-12 17:52:01] [ INFO ] [OdontologoDAOH2:161] Se trajeron todos los registros
[2023-11-12 17:52:01] [ INFO ] [OdontologoDAOH2:161] Se trajeron todos los registros
[2023-11-12 17:52:01] [ INFO ] [OdontologoDAOH2:161] Se trajeron todos los registros
[2023-11-12 17:52:03] [ INFO ] [OdontologoDAOH2:141] Inicio las operaciones de traer todos los registros
[2023-11-12 17:52:03] [ INFO ] [OdontologoDAOH2:161] Se trajeron todos los registros
[2023-11-12 17:52:03] [ INFO ] [OdontologoDAOH2:161] Se trajeron todos los registros
[2023-11-12 17:52:03] [ INFO ] [OdontologoDAOH2:161] Se trajeron todos los registros
[2023-11-12 17:52:04] [ INFO ] [OdontologoDAOH2:141] Inicio las operaciones de traer todos los registros
[2023-11-12 17:52:04] [ INFO ] [OdontologoDAOH2:161] Se trajeron todos los registros
[2023-11-12 17:52:04] [ INFO ] [OdontologoDAOH2:161] Se trajeron todos los registros
[2023-11-12 17:52:04] [ INFO ] [OdontologoDAOH2:161] Se trajeron todos los registros
[2023-11-12 17:52:05] [ INFO ] [OdontologoDAOH2:141] Inicio las operaciones de traer todos los registros
[2023-11-12 17:52:05] [ INFO ] [OdontologoDAOH2:161] Se trajeron todos los registros
[2023-11-12 17:52:05] [ INFO ] [OdontologoDAOH2:161] Se trajeron todos los registros
[2023-11-12 17:52:05] [ INFO ] [OdontologoDAOH2:161] Se trajeron todos los registros
[2023-11-12 17:52:06] [ INFO ] [OdontologoDAOH2:141] Inicio las operaciones de traer todos los registros
[2023-11-12 17:52:06] [ INFO ] [OdontologoDAOH2:161] Se trajeron todos los registros
[2023-11-12 17:52:06] [ INFO ] [OdontologoDAOH2:161] Se trajeron todos los registros
[2023-11-12 17:52:06] [ INFO ] [OdontologoDAOH2:161] Se trajeron todos los registros
[2023-11-12 17:58:57] [ INFO ] [BD:31] Datos cargados con exito
[2023-11-12 17:59:14] [ INFO ] [OdontologoDAOH2:141] Inicio las operaciones de traer todos los registros
[2023-11-12 17:59:14] [ INFO ] [OdontologoDAOH2:161] Se trajeron todos los registros
[2023-11-12 17:59:14] [ INFO ] [OdontologoDAOH2:161] Se trajeron todos los registros
[2023-11-12 17:59:14] [ INFO ] [OdontologoDAOH2:161] Se trajeron todos los registros
[2023-11-12 18:01:54] [ INFO ] [BD:31] Datos cargados con exito
[2023-11-12 18:02:12] [ INFO ] [OdontologoDAOH2:141] Inicio las operaciones de traer todos los registros
[2023-11-12 18:02:12] [ INFO ] [OdontologoDAOH2:161] Se trajeron todos los registros
[2023-11-12 18:02:12] [ INFO ] [OdontologoDAOH2:161] Se trajeron todos los registros
[2023-11-12 18:02:12] [ INFO ] [OdontologoDAOH2:161] Se trajeron todos los registros
[2023-11-12 18:02:16] [ INFO ] [OdontologoDAOH2:54] Inicio las operaciones de busqueda de odontologo
[2023-11-12 18:02:16] [ INFO ] [OdontologoDAOH2:74] Se encontraron los datos
[2023-11-12 18:02:27] [ INFO ] [OdontologoDAOH2:141] Inicio las operaciones de traer todos los registros
[2023-11-12 18:02:27] [ INFO ] [OdontologoDAOH2:161] Se trajeron todos los registros
[2023-11-12 18:02:27] [ INFO ] [OdontologoDAOH2:161] Se trajeron todos los registros
[2023-11-12 18:02:27] [ INFO ] [OdontologoDAOH2:161] Se trajeron todos los registros
[2023-11-12 18:02:27] [ INFO ] [OdontologoDAOH2:54] Inicio las operaciones de busqueda de odontologo
[2023-11-12 18:02:27] [ INFO ] [OdontologoDAOH2:74] Se encontraron los datos
[2023-11-12 18:02:27] [ INFO ] [OdontologoDAOH2:113] Iniciando las operaciones de actualizacion un odontologo
[2023-11-12 18:02:27] [ INFO ] [OdontologoDAOH2:125] Datos actualizados correctamente
[2023-11-12 18:02:34] [ INFO ] [OdontologoDAOH2:54] Inicio las operaciones de busqueda de odontologo
[2023-11-12 18:02:34] [ INFO ] [OdontologoDAOH2:74] Se encontraron los datos
[2023-11-12 18:02:38] [ INFO ] [OdontologoDAOH2:54] Inicio las operaciones de busqueda de odontologo
[2023-11-12 18:02:38] [ INFO ] [OdontologoDAOH2:74] Se encontraron los datos
[2023-11-12 18:02:38] [ INFO ] [OdontologoDAOH2:113] Iniciando las operaciones de actualizacion un odontologo
[2023-11-12 18:02:38] [ INFO ] [OdontologoDAOH2:125] Datos actualizados correctamente
[2023-11-12 18:02:39] [ INFO ] [OdontologoDAOH2:141] Inicio las operaciones de traer todos los registros
[2023-11-12 18:02:39] [ INFO ] [OdontologoDAOH2:161] Se trajeron todos los registros
[2023-11-12 18:02:39] [ INFO ] [OdontologoDAOH2:161] Se trajeron todos los registros
[2023-11-12 18:02:39] [ INFO ] [OdontologoDAOH2:161] Se trajeron todos los registros
[2023-11-12 18:02:48] [ INFO ] [OdontologoDAOH2:54] Inicio las operaciones de busqueda de odontologo
[2023-11-12 18:02:48] [ INFO ] [OdontologoDAOH2:74] Se encontraron los datos
[2023-11-12 18:02:53] [ INFO ] [OdontologoDAOH2:54] Inicio las operaciones de busqueda de odontologo
[2023-11-12 18:02:53] [ INFO ] [OdontologoDAOH2:74] Se encontraron los datos
[2023-11-12 18:02:53] [ INFO ] [OdontologoDAOH2:113] Iniciando las operaciones de actualizacion un odontologo
[2023-11-12 18:02:53] [ INFO ] [OdontologoDAOH2:125] Datos actualizados correctamente
[2023-11-12 18:02:55] [ INFO ] [OdontologoDAOH2:141] Inicio las operaciones de traer todos los registros
[2023-11-12 18:02:55] [ INFO ] [OdontologoDAOH2:161] Se trajeron todos los registros
[2023-11-12 18:02:55] [ INFO ] [OdontologoDAOH2:161] Se trajeron todos los registros
[2023-11-12 18:02:55] [ INFO ] [OdontologoDAOH2:161] Se trajeron todos los registros
[2023-11-12 18:06:44] [ INFO ] [BD:31] Datos cargados con exito
[2023-11-12 18:06:59] [ INFO ] [OdontologoDAOH2:141] Inicio las operaciones de traer todos los registros
[2023-11-12 18:06:59] [ INFO ] [OdontologoDAOH2:161] Se trajeron todos los registros
[2023-11-12 18:06:59] [ INFO ] [OdontologoDAOH2:161] Se trajeron todos los registros
[2023-11-12 18:06:59] [ INFO ] [OdontologoDAOH2:161] Se trajeron todos los registros
[2023-11-12 18:07:02] [ INFO ] [OdontologoDAOH2:54] Inicio las operaciones de busqueda de odontologo
[2023-11-12 18:07:02] [ INFO ] [OdontologoDAOH2:74] Se encontraron los datos
[2023-11-12 18:07:07] [ INFO ] [OdontologoDAOH2:141] Inicio las operaciones de traer todos los registros
[2023-11-12 18:07:07] [ INFO ] [OdontologoDAOH2:54] Inicio las operaciones de busqueda de odontologo
[2023-11-12 18:07:07] [ INFO ] [OdontologoDAOH2:74] Se encontraron los datos
[2023-11-12 18:07:07] [ INFO ] [OdontologoDAOH2:113] Iniciando las operaciones de actualizacion un odontologo
[2023-11-12 18:07:07] [ INFO ] [OdontologoDAOH2:161] Se trajeron todos los registros
[2023-11-12 18:07:07] [ INFO ] [OdontologoDAOH2:161] Se trajeron todos los registros
[2023-11-12 18:07:07] [ INFO ] [OdontologoDAOH2:161] Se trajeron todos los registros
[2023-11-12 18:07:07] [ INFO ] [OdontologoDAOH2:125] Datos actualizados correctamente
[2023-11-12 18:07:14] [ INFO ] [OdontologoDAOH2:54] Inicio las operaciones de busqueda de odontologo
[2023-11-12 18:07:14] [ INFO ] [OdontologoDAOH2:74] Se encontraron los datos
[2023-11-12 18:07:32] [ INFO ] [OdontologoDAOH2:54] Inicio las operaciones de busqueda de odontologo
[2023-11-12 18:07:32] [ INFO ] [OdontologoDAOH2:74] Se encontraron los datos
[2023-11-12 18:07:32] [ INFO ] [OdontologoDAOH2:113] Iniciando las operaciones de actualizacion un odontologo
[2023-11-12 18:07:32] [ INFO ] [OdontologoDAOH2:125] Datos actualizados correctamente
[2023-11-12 18:07:42] [ INFO ] [OdontologoDAOH2:141] Inicio las operaciones de traer todos los registros
[2023-11-12 18:07:42] [ INFO ] [OdontologoDAOH2:161] Se trajeron todos los registros
[2023-11-12 18:07:42] [ INFO ] [OdontologoDAOH2:161] Se trajeron todos los registros
[2023-11-12 18:07:42] [ INFO ] [OdontologoDAOH2:161] Se trajeron todos los registros
[2023-11-12 18:09:34] [ INFO ] [BD:31] Datos cargados con exito
[2023-11-12 18:09:44] [ INFO ] [OdontologoDAOH2:141] Inicio las operaciones de traer todos los registros
[2023-11-12 18:09:44] [ INFO ] [OdontologoDAOH2:161] Se trajeron todos los registros
[2023-11-12 18:09:44] [ INFO ] [OdontologoDAOH2:161] Se trajeron todos los registros
[2023-11-12 18:09:44] [ INFO ] [OdontologoDAOH2:161] Se trajeron todos los registros
[2023-11-12 18:09:46] [ INFO ] [OdontologoDAOH2:54] Inicio las operaciones de busqueda de odontologo
[2023-11-12 18:09:46] [ INFO ] [OdontologoDAOH2:74] Se encontraron los datos
[2023-11-12 18:09:51] [ INFO ] [OdontologoDAOH2:141] Inicio las operaciones de traer todos los registros
[2023-11-12 18:09:52] [ INFO ] [OdontologoDAOH2:161] Se trajeron todos los registros
[2023-11-12 18:09:52] [ INFO ] [OdontologoDAOH2:161] Se trajeron todos los registros
[2023-11-12 18:09:52] [ INFO ] [OdontologoDAOH2:161] Se trajeron todos los registros
[2023-11-12 18:09:52] [ INFO ] [OdontologoDAOH2:54] Inicio las operaciones de busqueda de odontologo
[2023-11-12 18:09:52] [ INFO ] [OdontologoDAOH2:74] Se encontraron los datos
[2023-11-12 18:09:52] [ INFO ] [OdontologoDAOH2:113] Iniciando las operaciones de actualizacion un odontologo
[2023-11-12 18:09:52] [ INFO ] [OdontologoDAOH2:125] Datos actualizados correctamente
[2023-11-12 18:09:55] [ INFO ] [OdontologoDAOH2:54] Inicio las operaciones de busqueda de odontologo
[2023-11-12 18:09:55] [ INFO ] [OdontologoDAOH2:74] Se encontraron los datos
[2023-11-12 18:10:01] [ INFO ] [OdontologoDAOH2:54] Inicio las operaciones de busqueda de odontologo
[2023-11-12 18:10:01] [ INFO ] [OdontologoDAOH2:74] Se encontraron los datos
[2023-11-12 18:10:01] [ INFO ] [OdontologoDAOH2:113] Iniciando las operaciones de actualizacion un odontologo
[2023-11-12 18:10:01] [ INFO ] [OdontologoDAOH2:125] Datos actualizados correctamente
[2023-11-12 18:10:08] [ INFO ] [OdontologoDAOH2:141] Inicio las operaciones de traer todos los registros
[2023-11-12 18:10:09] [ INFO ] [OdontologoDAOH2:161] Se trajeron todos los registros
[2023-11-12 18:10:09] [ INFO ] [OdontologoDAOH2:161] Se trajeron todos los registros
[2023-11-12 18:10:09] [ INFO ] [OdontologoDAOH2:161] Se trajeron todos los registros
[2023-11-12 18:13:15] [ INFO ] [BD:31] Datos cargados con exito
[2023-11-12 18:13:27] [ INFO ] [OdontologoDAOH2:141] Inicio las operaciones de traer todos los registros
[2023-11-12 18:13:27] [ INFO ] [OdontologoDAOH2:161] Se trajeron todos los registros
[2023-11-12 18:13:27] [ INFO ] [OdontologoDAOH2:161] Se trajeron todos los registros
[2023-11-12 18:13:27] [ INFO ] [OdontologoDAOH2:161] Se trajeron todos los registros
[2023-11-12 18:13:29] [ INFO ] [OdontologoDAOH2:141] Inicio las operaciones de traer todos los registros
[2023-11-12 18:13:29] [ INFO ] [OdontologoDAOH2:161] Se trajeron todos los registros
[2023-11-12 18:13:29] [ INFO ] [OdontologoDAOH2:161] Se trajeron todos los registros
[2023-11-12 18:13:29] [ INFO ] [OdontologoDAOH2:161] Se trajeron todos los registros
[2023-11-12 18:13:30] [ INFO ] [OdontologoDAOH2:141] Inicio las operaciones de traer todos los registros
[2023-11-12 18:13:30] [ INFO ] [OdontologoDAOH2:161] Se trajeron todos los registros
[2023-11-12 18:13:30] [ INFO ] [OdontologoDAOH2:161] Se trajeron todos los registros
[2023-11-12 18:13:30] [ INFO ] [OdontologoDAOH2:161] Se trajeron todos los registros
[2023-11-12 18:13:31] [ INFO ] [OdontologoDAOH2:141] Inicio las operaciones de traer todos los registros
[2023-11-12 18:13:31] [ INFO ] [OdontologoDAOH2:161] Se trajeron todos los registros
[2023-11-12 18:13:31] [ INFO ] [OdontologoDAOH2:161] Se trajeron todos los registros
[2023-11-12 18:13:31] [ INFO ] [OdontologoDAOH2:161] Se trajeron todos los registros
[2023-11-12 18:13:31] [ INFO ] [OdontologoDAOH2:141] Inicio las operaciones de traer todos los registros
[2023-11-12 18:13:31] [ INFO ] [OdontologoDAOH2:161] Se trajeron todos los registros
[2023-11-12 18:13:31] [ INFO ] [OdontologoDAOH2:161] Se trajeron todos los registros
[2023-11-12 18:13:31] [ INFO ] [OdontologoDAOH2:161] Se trajeron todos los registros
[2023-11-12 18:13:32] [ INFO ] [OdontologoDAOH2:141] Inicio las operaciones de traer todos los registros
[2023-11-12 18:13:32] [ INFO ] [OdontologoDAOH2:161] Se trajeron todos los registros
[2023-11-12 18:13:32] [ INFO ] [OdontologoDAOH2:161] Se trajeron todos los registros
[2023-11-12 18:13:32] [ INFO ] [OdontologoDAOH2:161] Se trajeron todos los registros
[2023-11-12 18:13:33] [ INFO ] [OdontologoDAOH2:54] Inicio las operaciones de busqueda de odontologo
[2023-11-12 18:13:33] [ INFO ] [OdontologoDAOH2:74] Se encontraron los datos
[2023-11-12 18:13:39] [ INFO ] [OdontologoDAOH2:54] Inicio las operaciones de busqueda de odontologo
[2023-11-12 18:13:39] [ INFO ] [OdontologoDAOH2:74] Se encontraron los datos
[2023-11-12 18:13:39] [ INFO ] [OdontologoDAOH2:113] Iniciando las operaciones de actualizacion un odontologo
[2023-11-12 18:13:39] [ INFO ] [OdontologoDAOH2:125] Datos actualizados correctamente
[2023-11-12 18:13:43] [ INFO ] [OdontologoDAOH2:141] Inicio las operaciones de traer todos los registros
[2023-11-12 18:13:43] [ INFO ] [OdontologoDAOH2:161] Se trajeron todos los registros
[2023-11-12 18:13:43] [ INFO ] [OdontologoDAOH2:161] Se trajeron todos los registros
[2023-11-12 18:13:43] [ INFO ] [OdontologoDAOH2:161] Se trajeron todos los registros
[2023-11-12 18:14:10] [ INFO ] [BD:31] Datos cargados con exito
[2023-11-12 18:14:18] [ INFO ] [OdontologoDAOH2:141] Inicio las operaciones de traer todos los registros
[2023-11-12 18:14:18] [ INFO ] [OdontologoDAOH2:161] Se trajeron todos los registros
[2023-11-12 18:14:18] [ INFO ] [OdontologoDAOH2:161] Se trajeron todos los registros
[2023-11-12 18:14:18] [ INFO ] [OdontologoDAOH2:161] Se trajeron todos los registros
[2023-11-12 18:14:19] [ INFO ] [OdontologoDAOH2:141] Inicio las operaciones de traer todos los registros
[2023-11-12 18:14:19] [ INFO ] [OdontologoDAOH2:161] Se trajeron todos los registros
[2023-11-12 18:14:19] [ INFO ] [OdontologoDAOH2:161] Se trajeron todos los registros
[2023-11-12 18:14:19] [ INFO ] [OdontologoDAOH2:161] Se trajeron todos los registros
[2023-11-12 18:14:20] [ INFO ] [OdontologoDAOH2:141] Inicio las operaciones de traer todos los registros
[2023-11-12 18:14:20] [ INFO ] [OdontologoDAOH2:161] Se trajeron todos los registros
[2023-11-12 18:14:20] [ INFO ] [OdontologoDAOH2:161] Se trajeron todos los registros
[2023-11-12 18:14:20] [ INFO ] [OdontologoDAOH2:161] Se trajeron todos los registros
[2023-11-12 18:14:22] [ INFO ] [OdontologoDAOH2:54] Inicio las operaciones de busqueda de odontologo
[2023-11-12 18:14:22] [ INFO ] [OdontologoDAOH2:74] Se encontraron los datos
[2023-11-12 18:14:27] [ INFO ] [OdontologoDAOH2:141] Inicio las operaciones de traer todos los registros
[2023-11-12 18:14:27] [ INFO ] [OdontologoDAOH2:54] Inicio las operaciones de busqueda de odontologo
[2023-11-12 18:14:27] [ INFO ] [OdontologoDAOH2:161] Se trajeron todos los registros
[2023-11-12 18:14:27] [ INFO ] [OdontologoDAOH2:74] Se encontraron los datos
[2023-11-12 18:14:27] [ INFO ] [OdontologoDAOH2:161] Se trajeron todos los registros
[2023-11-12 18:14:27] [ INFO ] [OdontologoDAOH2:113] Iniciando las operaciones de actualizacion un odontologo
[2023-11-12 18:14:27] [ INFO ] [OdontologoDAOH2:161] Se trajeron todos los registros
[2023-11-12 18:14:27] [ INFO ] [OdontologoDAOH2:125] Datos actualizados correctamente
[2023-11-12 18:14:35] [ INFO ] [OdontologoDAOH2:54] Inicio las operaciones de busqueda de odontologo
[2023-11-12 18:14:35] [ INFO ] [OdontologoDAOH2:74] Se encontraron los datos
[2023-11-12 18:14:44] [ INFO ] [OdontologoDAOH2:54] Inicio las operaciones de busqueda de odontologo
[2023-11-12 18:14:44] [ INFO ] [OdontologoDAOH2:141] Inicio las operaciones de traer todos los registros
[2023-11-12 18:14:44] [ INFO ] [OdontologoDAOH2:161] Se trajeron todos los registros
[2023-11-12 18:14:44] [ INFO ] [OdontologoDAOH2:74] Se encontraron los datos
[2023-11-12 18:14:44] [ INFO ] [OdontologoDAOH2:113] Iniciando las operaciones de actualizacion un odontologo
[2023-11-12 18:14:44] [ INFO ] [OdontologoDAOH2:161] Se trajeron todos los registros
[2023-11-12 18:14:44] [ INFO ] [OdontologoDAOH2:161] Se trajeron todos los registros
[2023-11-12 18:14:44] [ INFO ] [OdontologoDAOH2:125] Datos actualizados correctamente
[2023-11-12 18:14:52] [ INFO ] [OdontologoDAOH2:54] Inicio las operaciones de busqueda de odontologo
[2023-11-12 18:14:52] [ INFO ] [OdontologoDAOH2:74] Se encontraron los datos
[2023-11-12 18:14:57] [ INFO ] [OdontologoDAOH2:54] Inicio las operaciones de busqueda de odontologo
[2023-11-12 18:14:57] [ INFO ] [OdontologoDAOH2:141] Inicio las operaciones de traer todos los registros
[2023-11-12 18:14:57] [ INFO ] [OdontologoDAOH2:74] Se encontraron los datos
[2023-11-12 18:14:57] [ INFO ] [OdontologoDAOH2:113] Iniciando las operaciones de actualizacion un odontologo
[2023-11-12 18:14:57] [ INFO ] [OdontologoDAOH2:161] Se trajeron todos los registros
[2023-11-12 18:14:57] [ INFO ] [OdontologoDAOH2:161] Se trajeron todos los registros
[2023-11-12 18:14:57] [ INFO ] [OdontologoDAOH2:125] Datos actualizados correctamente
[2023-11-12 18:14:57] [ INFO ] [OdontologoDAOH2:161] Se trajeron todos los registros
[2023-11-12 18:15:30] [ INFO ] [OdontologoDAOH2:54] Inicio las operaciones de busqueda de odontologo
[2023-11-12 18:15:30] [ INFO ] [OdontologoDAOH2:74] Se encontraron los datos
[2023-11-12 18:15:37] [ INFO ] [OdontologoDAOH2:54] Inicio las operaciones de busqueda de odontologo
[2023-11-12 18:15:37] [ INFO ] [OdontologoDAOH2:74] Se encontraron los datos
[2023-11-12 18:15:38] [ INFO ] [OdontologoDAOH2:54] Inicio las operaciones de busqueda de odontologo
[2023-11-12 18:15:38] [ INFO ] [OdontologoDAOH2:74] Se encontraron los datos
[2023-11-12 18:18:16] [ INFO ] [BD:31] Datos cargados con exito
[2023-11-12 18:18:30] [ INFO ] [OdontologoDAOH2:141] Inicio las operaciones de traer todos los registros
[2023-11-12 18:18:30] [ INFO ] [OdontologoDAOH2:161] Se trajeron todos los registros
[2023-11-12 18:18:30] [ INFO ] [OdontologoDAOH2:161] Se trajeron todos los registros
[2023-11-12 18:18:30] [ INFO ] [OdontologoDAOH2:161] Se trajeron todos los registros
[2023-11-12 18:18:33] [ INFO ] [OdontologoDAOH2:54] Inicio las operaciones de busqueda de odontologo
[2023-11-12 18:18:33] [ INFO ] [OdontologoDAOH2:74] Se encontraron los datos
[2023-11-12 18:18:43] [ INFO ] [OdontologoDAOH2:141] Inicio las operaciones de traer todos los registros
[2023-11-12 18:18:43] [ INFO ] [OdontologoDAOH2:161] Se trajeron todos los registros
[2023-11-12 18:18:43] [ INFO ] [OdontologoDAOH2:161] Se trajeron todos los registros
[2023-11-12 18:18:43] [ INFO ] [OdontologoDAOH2:161] Se trajeron todos los registros
[2023-11-12 18:18:43] [ INFO ] [OdontologoDAOH2:54] Inicio las operaciones de busqueda de odontologo
[2023-11-12 18:18:43] [ INFO ] [OdontologoDAOH2:74] Se encontraron los datos
[2023-11-12 18:18:43] [ INFO ] [OdontologoDAOH2:113] Iniciando las operaciones de actualizacion un odontologo
[2023-11-12 18:18:43] [ INFO ] [OdontologoDAOH2:125] Datos actualizados correctamente
[2023-11-12 18:19:01] [ INFO ] [OdontologoDAOH2:54] Inicio las operaciones de busqueda de odontologo
[2023-11-12 18:19:01] [ INFO ] [OdontologoDAOH2:74] Se encontraron los datos
[2023-11-12 18:19:07] [ INFO ] [OdontologoDAOH2:54] Inicio las operaciones de busqueda de odontologo
[2023-11-12 18:19:08] [ INFO ] [OdontologoDAOH2:141] Inicio las operaciones de traer todos los registros
[2023-11-12 18:19:08] [ INFO ] [OdontologoDAOH2:161] Se trajeron todos los registros
[2023-11-12 18:19:08] [ INFO ] [OdontologoDAOH2:74] Se encontraron los datos
[2023-11-12 18:19:08] [ INFO ] [OdontologoDAOH2:161] Se trajeron todos los registros
[2023-11-12 18:19:08] [ INFO ] [OdontologoDAOH2:161] Se trajeron todos los registros
[2023-11-12 18:19:08] [ INFO ] [OdontologoDAOH2:113] Iniciando las operaciones de actualizacion un odontologo
[2023-11-12 18:19:08] [ INFO ] [OdontologoDAOH2:125] Datos actualizados correctamente
[2023-11-12 18:19:18] [ INFO ] [OdontologoDAOH2:141] Inicio las operaciones de traer todos los registros
[2023-11-12 18:19:18] [ INFO ] [OdontologoDAOH2:161] Se trajeron todos los registros
[2023-11-12 18:19:18] [ INFO ] [OdontologoDAOH2:161] Se trajeron todos los registros
[2023-11-12 18:19:18] [ INFO ] [OdontologoDAOH2:161] Se trajeron todos los registros
[2023-11-12 18:19:20] [ INFO ] [OdontologoDAOH2:141] Inicio las operaciones de traer todos los registros
[2023-11-12 18:19:20] [ INFO ] [OdontologoDAOH2:161] Se trajeron todos los registros
[2023-11-12 18:19:20] [ INFO ] [OdontologoDAOH2:161] Se trajeron todos los registros
[2023-11-12 18:19:20] [ INFO ] [OdontologoDAOH2:161] Se trajeron todos los registros
[2023-11-12 18:19:21] [ INFO ] [OdontologoDAOH2:141] Inicio las operaciones de traer todos los registros
[2023-11-12 18:19:21] [ INFO ] [OdontologoDAOH2:161] Se trajeron todos los registros
[2023-11-12 18:19:21] [ INFO ] [OdontologoDAOH2:161] Se trajeron todos los registros
[2023-11-12 18:19:21] [ INFO ] [OdontologoDAOH2:161] Se trajeron todos los registros
[2023-11-12 18:19:22] [ INFO ] [OdontologoDAOH2:141] Inicio las operaciones de traer todos los registros
[2023-11-12 18:19:22] [ INFO ] [OdontologoDAOH2:161] Se trajeron todos los registros
[2023-11-12 18:19:22] [ INFO ] [OdontologoDAOH2:161] Se trajeron todos los registros
[2023-11-12 18:19:22] [ INFO ] [OdontologoDAOH2:161] Se trajeron todos los registros
[2023-11-12 18:20:03] [ INFO ] [BD:31] Datos cargados con exito
[2023-11-12 18:20:14] [ INFO ] [OdontologoDAOH2:141] Inicio las operaciones de traer todos los registros
[2023-11-12 18:20:14] [ INFO ] [OdontologoDAOH2:161] Se trajeron todos los registros
[2023-11-12 18:20:14] [ INFO ] [OdontologoDAOH2:161] Se trajeron todos los registros
[2023-11-12 18:20:14] [ INFO ] [OdontologoDAOH2:161] Se trajeron todos los registros
[2023-11-12 18:20:15] [ INFO ] [OdontologoDAOH2:54] Inicio las operaciones de busqueda de odontologo
[2023-11-12 18:20:15] [ INFO ] [OdontologoDAOH2:74] Se encontraron los datos
[2023-11-12 18:20:21] [ INFO ] [OdontologoDAOH2:141] Inicio las operaciones de traer todos los registros
[2023-11-12 18:20:21] [ INFO ] [OdontologoDAOH2:161] Se trajeron todos los registros
[2023-11-12 18:20:21] [ INFO ] [OdontologoDAOH2:161] Se trajeron todos los registros
[2023-11-12 18:20:21] [ INFO ] [OdontologoDAOH2:161] Se trajeron todos los registros
[2023-11-12 18:20:21] [ INFO ] [OdontologoDAOH2:54] Inicio las operaciones de busqueda de odontologo
[2023-11-12 18:20:21] [ INFO ] [OdontologoDAOH2:74] Se encontraron los datos
[2023-11-12 18:20:21] [ INFO ] [OdontologoDAOH2:113] Iniciando las operaciones de actualizacion un odontologo
[2023-11-12 18:20:21] [ INFO ] [OdontologoDAOH2:125] Datos actualizados correctamente
[2023-11-12 18:20:26] [ INFO ] [OdontologoDAOH2:54] Inicio las operaciones de busqueda de odontologo
[2023-11-12 18:20:26] [ INFO ] [OdontologoDAOH2:74] Se encontraron los datos
[2023-11-12 18:20:32] [ INFO ] [OdontologoDAOH2:54] Inicio las operaciones de busqueda de odontologo
[2023-11-12 18:20:32] [ INFO ] [OdontologoDAOH2:141] Inicio las operaciones de traer todos los registros
[2023-11-12 18:20:32] [ INFO ] [OdontologoDAOH2:74] Se encontraron los datos
[2023-11-12 18:20:32] [ INFO ] [OdontologoDAOH2:113] Iniciando las operaciones de actualizacion un odontologo
[2023-11-12 18:20:32] [ INFO ] [OdontologoDAOH2:161] Se trajeron todos los registros
[2023-11-12 18:20:32] [ INFO ] [OdontologoDAOH2:161] Se trajeron todos los registros
[2023-11-12 18:20:32] [ INFO ] [OdontologoDAOH2:161] Se trajeron todos los registros
[2023-11-12 18:20:32] [ INFO ] [OdontologoDAOH2:125] Datos actualizados correctamente
[2023-11-12 18:21:22] [ INFO ] [BD:31] Datos cargados con exito
[2023-11-12 18:21:30] [ INFO ] [OdontologoDAOH2:141] Inicio las operaciones de traer todos los registros
[2023-11-12 18:21:30] [ INFO ] [OdontologoDAOH2:161] Se trajeron todos los registros
[2023-11-12 18:21:30] [ INFO ] [OdontologoDAOH2:161] Se trajeron todos los registros
[2023-11-12 18:21:30] [ INFO ] [OdontologoDAOH2:161] Se trajeron todos los registros
[2023-11-12 18:21:43] [ INFO ] [BD:31] Datos cargados con exito
[2023-11-12 18:22:23] [ INFO ] [BD:31] Datos cargados con exito
[2023-11-12 18:22:36] [ INFO ] [OdontologoDAOH2:141] Inicio las operaciones de traer todos los registros
[2023-11-12 18:22:36] [ INFO ] [OdontologoDAOH2:161] Se trajeron todos los registros
[2023-11-12 18:22:36] [ INFO ] [OdontologoDAOH2:161] Se trajeron todos los registros
[2023-11-12 18:22:36] [ INFO ] [OdontologoDAOH2:161] Se trajeron todos los registros
[2023-11-12 18:22:49] [ INFO ] [OdontologoDAOH2:54] Inicio las operaciones de busqueda de odontologo
[2023-11-12 18:22:49] [ INFO ] [OdontologoDAOH2:74] Se encontraron los datos
[2023-11-12 18:22:56] [ INFO ] [OdontologoDAOH2:141] Inicio las operaciones de traer todos los registros
[2023-11-12 18:22:56] [ INFO ] [OdontologoDAOH2:161] Se trajeron todos los registros
[2023-11-12 18:22:56] [ INFO ] [OdontologoDAOH2:161] Se trajeron todos los registros
[2023-11-12 18:22:56] [ INFO ] [OdontologoDAOH2:161] Se trajeron todos los registros
[2023-11-12 18:22:56] [ INFO ] [OdontologoDAOH2:54] Inicio las operaciones de busqueda de odontologo
[2023-11-12 18:22:56] [ INFO ] [OdontologoDAOH2:74] Se encontraron los datos
[2023-11-12 18:22:56] [ INFO ] [OdontologoDAOH2:113] Iniciando las operaciones de actualizacion un odontologo
[2023-11-12 18:22:56] [ INFO ] [OdontologoDAOH2:125] Datos actualizados correctamente
[2023-11-12 18:23:07] [ INFO ] [OdontologoDAOH2:54] Inicio las operaciones de busqueda de odontologo
[2023-11-12 18:23:07] [ INFO ] [OdontologoDAOH2:74] Se encontraron los datos
[2023-11-12 18:23:09] [ INFO ] [OdontologoDAOH2:54] Inicio las operaciones de busqueda de odontologo
[2023-11-12 18:23:09] [ INFO ] [OdontologoDAOH2:74] Se encontraron los datos
[2023-11-12 18:23:55] [ INFO ] [BD:31] Datos cargados con exito
[2023-11-12 18:24:06] [ INFO ] [OdontologoDAOH2:141] Inicio las operaciones de traer todos los registros
[2023-11-12 18:24:06] [ INFO ] [OdontologoDAOH2:161] Se trajeron todos los registros
[2023-11-12 18:24:06] [ INFO ] [OdontologoDAOH2:161] Se trajeron todos los registros
[2023-11-12 18:24:06] [ INFO ] [OdontologoDAOH2:161] Se trajeron todos los registros
[2023-11-12 18:24:08] [ INFO ] [OdontologoDAOH2:54] Inicio las operaciones de busqueda de odontologo
[2023-11-12 18:24:08] [ INFO ] [OdontologoDAOH2:74] Se encontraron los datos
[2023-11-12 18:24:13] [ INFO ] [OdontologoDAOH2:54] Inicio las operaciones de busqueda de odontologo
[2023-11-12 18:24:13] [ INFO ] [OdontologoDAOH2:74] Se encontraron los datos
[2023-11-12 18:24:13] [ INFO ] [OdontologoDAOH2:113] Iniciando las operaciones de actualizacion un odontologo
[2023-11-12 18:24:13] [ INFO ] [OdontologoDAOH2:125] Datos actualizados correctamente
